<?xml version="1.0" encoding="UTF-8"?>
<testsuite xmlns:xsi="http://www.w3.org/2001/XMLSchema-instance" xsi:noNamespaceSchemaLocation="https://maven.apache.org/surefire/maven-surefire-plugin/xsd/surefire-test-report-3.0.xsd" version="3.0" name="com.apitesting.FakeStoreAPITest" time="1.468" tests="4" errors="0" skipped="0" failures="0">
  <properties>
[...]
</properties>
  <testcase name="testPriceRange" classname="com.apitesting.FakeStoreAPITest" time="0.007">
    <system-out><![CDATA[Price Range - Min: $7.95, Max: $999.99
]]></system-out>
    <system-err><![CDATA[SLF4J: Failed to load class "org.slf4j.impl.StaticLoggerBinder".
SLF4J: Defaulting to no-operation (NOP) logger implementation
SLF4J: See http://www.slf4j.org/codes.html#StaticLoggerBinder for further details.
]]></system-err>
  </testcase>
  <testcase name="testProductValidation" classname="com.apitesting.FakeStoreAPITest" time="0.0"/>
  <testcase name="testRatingRange" classname="com.apitesting.FakeStoreAPITest" time="0.002">
    <system-out><![CDATA[Maximum Rating Found: 4.8
]]></system-out>
  </testcase>
  <testcase name="testResponseStructure" classname="com.apitesting.FakeStoreAPITest" time="0.0"/>
</testsuite>